<?xml version="1.0" encoding="UTF-8" ?>
<testsuite id="pr_check" name="PR Check" tests="1" failures="1">
    <testcase id="pr_check.Build" name="Build">
        <failure type="Build">"This commit is out of date with the PR"</failure>
    </testcase>
</testsuite>
